<testsuites id="" name="" tests="6" failures="0" skipped="0" errors="0" time="21.318218">
<testsuite name="e2e/features/pessoa.feature.spec.js" timestamp="2025-08-03T20:36:12.426Z" hostname="" tests="6" failures="0" skipped="0" time="19.692" errors="0">
<testcase name="Gerenciamento de Pessoas › Criar uma nova pessoa física com sucesso" classname="e2e/features/pessoa.feature.spec.js" time="4.697">
</testcase>
<testcase name="Gerenciamento de Pessoas › Criar uma nova pessoa jurídica com sucesso" classname="e2e/features/pessoa.feature.spec.js" time="2.806">
</testcase>
<testcase name="Gerenciamento de Pessoas › Tentar criar uma pessoa sem o campo &quot;Nome&quot;" classname="e2e/features/pessoa.feature.spec.js" time="2.246">
</testcase>
<testcase name="Gerenciamento de Pessoas › Visualizar os detalhes de uma pessoa existente" classname="e2e/features/pessoa.feature.spec.js" time="3.28">
</testcase>
<testcase name="Gerenciamento de Pessoas › Editar uma pessoa existente com sucesso" classname="e2e/features/pessoa.feature.spec.js" time="3.445">
</testcase>
<testcase name="Gerenciamento de Pessoas › Excluir uma pessoa existente com sucesso" classname="e2e/features/pessoa.feature.spec.js" time="3.218">
</testcase>
</testsuite>
</testsuites>